<?xml version="1.0" encoding="UTF-8"?>
<testsuite xmlns:xsi="http://www.w3.org/2001/XMLSchema-instance" xsi:noNamespaceSchemaLocation="https://maven.apache.org/surefire/maven-surefire-plugin/xsd/surefire-test-report-3.0.xsd" version="3.0" name="runner.RunTest" time="11.322" tests="1" errors="0" skipped="0" failures="0">
  <properties>
[...]
</properties>
  <testcase name="Verify Add And Remove Functionality" classname="Add and Remove functionality" time="7.837">
    <system-out><![CDATA[
@Regression123
Scenario: Verify Add And Remove Functionality       # src/main/java/features/AddAndRemove.feature:4
  Given User is on herokuapp webpage                # stepdef.AddAndRemovestepdefs.user_is_on_herokuapp_webpage()
  When User clicks on Add And Remove button         # stepdef.AddAndRemovestepdefs.user_clicks_on_Add_And_Remove_button()
  Then User navigates to the Add And Remove webpage # stepdef.AddAndRemovestepdefs.user_navigates_to_the_Add_And_Remove_webpage()
  And User clicks on add button                     # stepdef.AddAndRemovestepdefs.user_clicks_on_add_button()
  And User clicks on Remove button                  # stepdef.AddAndRemovestepdefs.user_clicks_on_Remove_button()
]]></system-out>
    <system-err><![CDATA[Starting ChromeDriver 102.0.5005.27 (df4a85108ffad4dca2c409c52f24df7ec0204b91-refs/branch-heads/5005_22@{#4}) on port 37108
Only local connections are allowed.
Please see https://chromedriver.chromium.org/security-considerations for suggestions on keeping ChromeDriver safe.
ChromeDriver was started successfully.
[1658480278.298][WARNING]: This version of ChromeDriver has not been tested with Chrome version 103.
Jul 22, 2022 2:27:58 PM org.openqa.selenium.remote.ProtocolHandshake createSession
INFO: Detected dialect: W3C
]]></system-err>
  </testcase>
</testsuite>